{"D:\\Users\\dajka\\Desktop\\bootcamp\\wk1\\wk1_ScooterHireSystem\\classes\\h_Battery.js": {"path":"D:\\Users\\dajka\\Desktop\\bootcamp\\wk1\\wk1_ScooterHireSystem\\classes\\h_Battery.js","statementMap":{"0":{"start":{"line":14,"column":8},"end":{"line":14,"column":32}},"1":{"start":{"line":15,"column":8},"end":{"line":15,"column":30}},"2":{"start":{"line":24,"column":8},"end":{"line":24,"column":31}},"3":{"start":{"line":25,"column":24},"end":{"line":35,"column":9}},"4":{"start":{"line":26,"column":12},"end":{"line":34,"column":13}},"5":{"start":{"line":27,"column":16},"end":{"line":27,"column":38}},"6":{"start":{"line":28,"column":16},"end":{"line":28,"column":42}},"7":{"start":{"line":29,"column":16},"end":{"line":29,"column":63}},"8":{"start":{"line":32,"column":16},"end":{"line":32,"column":40}},"9":{"start":{"line":33,"column":16},"end":{"line":33,"column":22}},"10":{"start":{"line":36,"column":8},"end":{"line":36,"column":20}},"11":{"start":{"line":44,"column":8},"end":{"line":44,"column":40}},"12":{"start":{"line":52,"column":8},"end":{"line":52,"column":31}},"13":{"start":{"line":61,"column":8},"end":{"line":61,"column":33}},"14":{"start":{"line":63,"column":8},"end":{"line":63,"column":71}},"15":{"start":{"line":67,"column":0},"end":{"line":67,"column":25}}},"fnMap":{"0":{"name":"(anonymous_0)","decl":{"start":{"line":13,"column":4},"end":{"line":13,"column":5}},"loc":{"start":{"line":13,"column":17},"end":{"line":16,"column":5}},"line":13},"1":{"name":"(anonymous_1)","decl":{"start":{"line":23,"column":4},"end":{"line":23,"column":5}},"loc":{"start":{"line":23,"column":22},"end":{"line":37,"column":5}},"line":23},"2":{"name":"(anonymous_2)","decl":{"start":{"line":25,"column":24},"end":{"line":25,"column":25}},"loc":{"start":{"line":25,"column":28},"end":{"line":35,"column":9}},"line":25},"3":{"name":"(anonymous_3)","decl":{"start":{"line":43,"column":4},"end":{"line":43,"column":5}},"loc":{"start":{"line":43,"column":15},"end":{"line":45,"column":5}},"line":43},"4":{"name":"(anonymous_4)","decl":{"start":{"line":51,"column":4},"end":{"line":51,"column":5}},"loc":{"start":{"line":51,"column":15},"end":{"line":53,"column":5}},"line":51},"5":{"name":"(anonymous_5)","decl":{"start":{"line":60,"column":4},"end":{"line":60,"column":5}},"loc":{"start":{"line":60,"column":13},"end":{"line":64,"column":5}},"line":60}},"branchMap":{"0":{"loc":{"start":{"line":26,"column":12},"end":{"line":34,"column":13}},"type":"if","locations":[{"start":{"line":26,"column":12},"end":{"line":34,"column":13}},{"start":{"line":26,"column":12},"end":{"line":34,"column":13}}],"line":26},"1":{"loc":{"start":{"line":26,"column":16},"end":{"line":26,"column":57}},"type":"binary-expr","locations":[{"start":{"line":26,"column":16},"end":{"line":26,"column":38}},{"start":{"line":26,"column":42},"end":{"line":26,"column":57}}],"line":26},"2":{"loc":{"start":{"line":63,"column":27},"end":{"line":63,"column":70}},"type":"cond-expr","locations":[{"start":{"line":63,"column":50},"end":{"line":63,"column":66}},{"start":{"line":63,"column":69},"end":{"line":63,"column":70}}],"line":63}},"s":{"0":9,"1":9,"2":2,"3":2,"4":2,"5":1,"6":1,"7":1,"8":1,"9":1,"10":2,"11":2,"12":5,"13":2,"14":2,"15":2},"f":{"0":9,"1":2,"2":2,"3":2,"4":5,"5":2},"b":{"0":[1,1],"1":[2,1],"2":[1,1]},"_coverageSchema":"1a1c01bbd47fc00a2c39e90264f33305004495a9","hash":"52c71715d9e30e49dd36bf420521dcf7485417ad"}
,"D:\\Users\\dajka\\Desktop\\bootcamp\\wk1\\wk1_ScooterHireSystem\\classes\\h_ChargingStation.js": {"path":"D:\\Users\\dajka\\Desktop\\bootcamp\\wk1\\wk1_ScooterHireSystem\\classes\\h_ChargingStation.js","statementMap":{"0":{"start":{"line":1,"column":20},"end":{"line":1,"column":46}},"1":{"start":{"line":2,"column":16},"end":{"line":2,"column":38}},"2":{"start":{"line":21,"column":22},"end":{"line":21,"column":24}},"3":{"start":{"line":22,"column":23},"end":{"line":22,"column":25}},"4":{"start":{"line":23,"column":22},"end":{"line":23,"column":24}},"5":{"start":{"line":32,"column":8},"end":{"line":32,"column":25}},"6":{"start":{"line":33,"column":8},"end":{"line":33,"column":39}},"7":{"start":{"line":34,"column":8},"end":{"line":34,"column":28}},"8":{"start":{"line":36,"column":8},"end":{"line":36,"column":48}},"9":{"start":{"line":45,"column":8},"end":{"line":45,"column":27}},"10":{"start":{"line":46,"column":8},"end":{"line":46,"column":42}},"11":{"start":{"line":47,"column":8},"end":{"line":47,"column":41}},"12":{"start":{"line":56,"column":20},"end":{"line":56,"column":56}},"13":{"start":{"line":57,"column":8},"end":{"line":57,"column":27}},"14":{"start":{"line":58,"column":8},"end":{"line":58,"column":45}},"15":{"start":{"line":59,"column":8},"end":{"line":59,"column":40}},"16":{"start":{"line":67,"column":8},"end":{"line":67,"column":49}},"17":{"start":{"line":71,"column":0},"end":{"line":71,"column":33}}},"fnMap":{"0":{"name":"(anonymous_0)","decl":{"start":{"line":31,"column":4},"end":{"line":31,"column":5}},"loc":{"start":{"line":31,"column":52},"end":{"line":37,"column":5}},"line":31},"1":{"name":"(anonymous_1)","decl":{"start":{"line":44,"column":4},"end":{"line":44,"column":5}},"loc":{"start":{"line":44,"column":24},"end":{"line":48,"column":5}},"line":44},"2":{"name":"(anonymous_2)","decl":{"start":{"line":55,"column":4},"end":{"line":55,"column":5}},"loc":{"start":{"line":55,"column":26},"end":{"line":60,"column":5}},"line":55},"3":{"name":"(anonymous_3)","decl":{"start":{"line":66,"column":4},"end":{"line":66,"column":5}},"loc":{"start":{"line":66,"column":27},"end":{"line":68,"column":5}},"line":66}},"branchMap":{"0":{"loc":{"start":{"line":31,"column":16},"end":{"line":31,"column":36}},"type":"default-arg","locations":[{"start":{"line":31,"column":21},"end":{"line":31,"column":36}}],"line":31},"1":{"loc":{"start":{"line":31,"column":38},"end":{"line":31,"column":51}},"type":"default-arg","locations":[{"start":{"line":31,"column":50},"end":{"line":31,"column":51}}],"line":31}},"s":{"0":1,"1":1,"2":5,"3":5,"4":5,"5":5,"6":5,"7":5,"8":5,"9":3,"10":3,"11":3,"12":1,"13":1,"14":1,"15":1,"16":2,"17":1},"f":{"0":5,"1":3,"2":1,"3":2},"b":{"0":[3],"1":[3]},"_coverageSchema":"1a1c01bbd47fc00a2c39e90264f33305004495a9","hash":"85749e26b9981c1de09ea2a05a72f05dcb4247f1"}
,"D:\\Users\\dajka\\Desktop\\bootcamp\\wk1\\wk1_ScooterHireSystem\\classes\\h_Scooter.js": {"path":"D:\\Users\\dajka\\Desktop\\bootcamp\\wk1\\wk1_ScooterHireSystem\\classes\\h_Scooter.js","statementMap":{"0":{"start":{"line":1,"column":20},"end":{"line":1,"column":46}},"1":{"start":{"line":2,"column":16},"end":{"line":2,"column":38}},"2":{"start":{"line":3,"column":24},"end":{"line":3,"column":54}},"3":{"start":{"line":23,"column":8},"end":{"line":23,"column":29}},"4":{"start":{"line":25,"column":8},"end":{"line":25,"column":46}},"5":{"start":{"line":27,"column":8},"end":{"line":27,"column":28}},"6":{"start":{"line":30,"column":22},"end":{"line":30,"column":56}},"7":{"start":{"line":31,"column":8},"end":{"line":35,"column":9}},"8":{"start":{"line":31,"column":20},"end":{"line":31,"column":21}},"9":{"start":{"line":32,"column":12},"end":{"line":34,"column":13}},"10":{"start":{"line":33,"column":16},"end":{"line":33,"column":26}},"11":{"start":{"line":36,"column":8},"end":{"line":36,"column":41}},"12":{"start":{"line":37,"column":8},"end":{"line":37,"column":37}},"13":{"start":{"line":41,"column":8},"end":{"line":41,"column":43}},"14":{"start":{"line":50,"column":8},"end":{"line":50,"column":31}},"15":{"start":{"line":51,"column":8},"end":{"line":51,"column":62}},"16":{"start":{"line":61,"column":8},"end":{"line":61,"column":57}},"17":{"start":{"line":69,"column":8},"end":{"line":69,"column":46}},"18":{"start":{"line":75,"column":0},"end":{"line":75,"column":25}}},"fnMap":{"0":{"name":"(anonymous_0)","decl":{"start":{"line":22,"column":4},"end":{"line":22,"column":5}},"loc":{"start":{"line":22,"column":17},"end":{"line":42,"column":5}},"line":22},"1":{"name":"(anonymous_1)","decl":{"start":{"line":49,"column":4},"end":{"line":49,"column":5}},"loc":{"start":{"line":49,"column":20},"end":{"line":52,"column":5}},"line":49},"2":{"name":"(anonymous_2)","decl":{"start":{"line":60,"column":4},"end":{"line":60,"column":5}},"loc":{"start":{"line":60,"column":39},"end":{"line":62,"column":5}},"line":60},"3":{"name":"(anonymous_3)","decl":{"start":{"line":68,"column":4},"end":{"line":68,"column":5}},"loc":{"start":{"line":68,"column":27},"end":{"line":70,"column":5}},"line":68}},"branchMap":{"0":{"loc":{"start":{"line":32,"column":12},"end":{"line":34,"column":13}},"type":"if","locations":[{"start":{"line":32,"column":12},"end":{"line":34,"column":13}},{"start":{"line":32,"column":12},"end":{"line":34,"column":13}}],"line":32}},"s":{"0":1,"1":1,"2":1,"3":3,"4":3,"5":3,"6":3,"7":3,"8":3,"9":3,"10":0,"11":3,"12":3,"13":3,"14":0,"15":0,"16":3,"17":1,"18":1},"f":{"0":3,"1":0,"2":3,"3":1},"b":{"0":[0,3]},"_coverageSchema":"1a1c01bbd47fc00a2c39e90264f33305004495a9","hash":"4112836b4368240a119eeab4f18808894a41a8ba"}
,"D:\\Users\\dajka\\Desktop\\bootcamp\\wk1\\wk1_ScooterHireSystem\\classes\\h_ScooterHire.js": {"path":"D:\\Users\\dajka\\Desktop\\bootcamp\\wk1\\wk1_ScooterHireSystem\\classes\\h_ScooterHire.js","statementMap":{"0":{"start":{"line":10,"column":25},"end":{"line":10,"column":27}},"1":{"start":{"line":12,"column":31},"end":{"line":12,"column":33}},"2":{"start":{"line":13,"column":30},"end":{"line":13,"column":32}},"3":{"start":{"line":15,"column":22},"end":{"line":15,"column":24}},"4":{"start":{"line":23,"column":8},"end":{"line":23,"column":33}},"5":{"start":{"line":32,"column":8},"end":{"line":32,"column":39}},"6":{"start":{"line":41,"column":8},"end":{"line":45,"column":9}},"7":{"start":{"line":41,"column":21},"end":{"line":41,"column":22}},"8":{"start":{"line":42,"column":12},"end":{"line":44,"column":13}},"9":{"start":{"line":43,"column":16},"end":{"line":43,"column":34}},"10":{"start":{"line":54,"column":8},"end":{"line":58,"column":9}},"11":{"start":{"line":54,"column":21},"end":{"line":54,"column":22}},"12":{"start":{"line":55,"column":12},"end":{"line":57,"column":13}},"13":{"start":{"line":56,"column":16},"end":{"line":56,"column":34}},"14":{"start":{"line":62,"column":0},"end":{"line":62,"column":28}}},"fnMap":{"0":{"name":"(anonymous_0)","decl":{"start":{"line":22,"column":4},"end":{"line":22,"column":5}},"loc":{"start":{"line":22,"column":24},"end":{"line":24,"column":5}},"line":22},"1":{"name":"(anonymous_1)","decl":{"start":{"line":31,"column":4},"end":{"line":31,"column":5}},"loc":{"start":{"line":31,"column":30},"end":{"line":33,"column":5}},"line":31},"2":{"name":"(anonymous_2)","decl":{"start":{"line":40,"column":4},"end":{"line":40,"column":5}},"loc":{"start":{"line":40,"column":28},"end":{"line":46,"column":5}},"line":40},"3":{"name":"(anonymous_3)","decl":{"start":{"line":53,"column":4},"end":{"line":53,"column":5}},"loc":{"start":{"line":53,"column":32},"end":{"line":59,"column":5}},"line":53}},"branchMap":{"0":{"loc":{"start":{"line":42,"column":12},"end":{"line":44,"column":13}},"type":"if","locations":[{"start":{"line":42,"column":12},"end":{"line":44,"column":13}},{"start":{"line":42,"column":12},"end":{"line":44,"column":13}}],"line":42},"1":{"loc":{"start":{"line":55,"column":12},"end":{"line":57,"column":13}},"type":"if","locations":[{"start":{"line":55,"column":12},"end":{"line":57,"column":13}},{"start":{"line":55,"column":12},"end":{"line":57,"column":13}}],"line":55}},"s":{"0":1,"1":1,"2":1,"3":1,"4":0,"5":0,"6":0,"7":0,"8":0,"9":0,"10":0,"11":0,"12":0,"13":0,"14":1},"f":{"0":0,"1":0,"2":0,"3":0},"b":{"0":[0,0],"1":[0,0]},"_coverageSchema":"1a1c01bbd47fc00a2c39e90264f33305004495a9","hash":"fc854743cf0b36d27973368137a9b38b967e0f68"}
}
