{"D:\\Users\\dajka\\Desktop\\bootcamp\\wk1\\wk1_ScooterHireSystem\\classes\\h_Battery.js": {"path":"D:\\Users\\dajka\\Desktop\\bootcamp\\wk1\\wk1_ScooterHireSystem\\classes\\h_Battery.js","statementMap":{"0":{"start":{"line":14,"column":8},"end":{"line":14,"column":32}},"1":{"start":{"line":15,"column":8},"end":{"line":15,"column":30}},"2":{"start":{"line":24,"column":8},"end":{"line":24,"column":31}},"3":{"start":{"line":25,"column":24},"end":{"line":35,"column":9}},"4":{"start":{"line":26,"column":12},"end":{"line":34,"column":13}},"5":{"start":{"line":27,"column":16},"end":{"line":27,"column":38}},"6":{"start":{"line":28,"column":16},"end":{"line":28,"column":42}},"7":{"start":{"line":29,"column":16},"end":{"line":29,"column":63}},"8":{"start":{"line":32,"column":16},"end":{"line":32,"column":40}},"9":{"start":{"line":33,"column":16},"end":{"line":33,"column":22}},"10":{"start":{"line":36,"column":8},"end":{"line":36,"column":20}},"11":{"start":{"line":44,"column":8},"end":{"line":44,"column":40}},"12":{"start":{"line":52,"column":8},"end":{"line":52,"column":31}},"13":{"start":{"line":61,"column":8},"end":{"line":61,"column":33}},"14":{"start":{"line":63,"column":8},"end":{"line":63,"column":71}},"15":{"start":{"line":67,"column":0},"end":{"line":67,"column":25}}},"fnMap":{"0":{"name":"(anonymous_0)","decl":{"start":{"line":13,"column":4},"end":{"line":13,"column":5}},"loc":{"start":{"line":13,"column":17},"end":{"line":16,"column":5}},"line":13},"1":{"name":"(anonymous_1)","decl":{"start":{"line":23,"column":4},"end":{"line":23,"column":5}},"loc":{"start":{"line":23,"column":22},"end":{"line":37,"column":5}},"line":23},"2":{"name":"(anonymous_2)","decl":{"start":{"line":25,"column":24},"end":{"line":25,"column":25}},"loc":{"start":{"line":25,"column":28},"end":{"line":35,"column":9}},"line":25},"3":{"name":"(anonymous_3)","decl":{"start":{"line":43,"column":4},"end":{"line":43,"column":5}},"loc":{"start":{"line":43,"column":15},"end":{"line":45,"column":5}},"line":43},"4":{"name":"(anonymous_4)","decl":{"start":{"line":51,"column":4},"end":{"line":51,"column":5}},"loc":{"start":{"line":51,"column":15},"end":{"line":53,"column":5}},"line":51},"5":{"name":"(anonymous_5)","decl":{"start":{"line":60,"column":4},"end":{"line":60,"column":5}},"loc":{"start":{"line":60,"column":13},"end":{"line":64,"column":5}},"line":60}},"branchMap":{"0":{"loc":{"start":{"line":26,"column":12},"end":{"line":34,"column":13}},"type":"if","locations":[{"start":{"line":26,"column":12},"end":{"line":34,"column":13}},{"start":{"line":26,"column":12},"end":{"line":34,"column":13}}],"line":26},"1":{"loc":{"start":{"line":26,"column":16},"end":{"line":26,"column":57}},"type":"binary-expr","locations":[{"start":{"line":26,"column":16},"end":{"line":26,"column":38}},{"start":{"line":26,"column":42},"end":{"line":26,"column":57}}],"line":26},"2":{"loc":{"start":{"line":63,"column":27},"end":{"line":63,"column":70}},"type":"cond-expr","locations":[{"start":{"line":63,"column":50},"end":{"line":63,"column":66}},{"start":{"line":63,"column":69},"end":{"line":63,"column":70}}],"line":63}},"s":{"0":25,"1":25,"2":2,"3":2,"4":2,"5":1,"6":1,"7":1,"8":1,"9":1,"10":2,"11":2,"12":7,"13":3,"14":3,"15":5},"f":{"0":25,"1":2,"2":2,"3":2,"4":7,"5":3},"b":{"0":[1,1],"1":[2,1],"2":[2,1]},"_coverageSchema":"1a1c01bbd47fc00a2c39e90264f33305004495a9","hash":"52c71715d9e30e49dd36bf420521dcf7485417ad"}
,"D:\\Users\\dajka\\Desktop\\bootcamp\\wk1\\wk1_ScooterHireSystem\\classes\\h_ChargingStation.js": {"path":"D:\\Users\\dajka\\Desktop\\bootcamp\\wk1\\wk1_ScooterHireSystem\\classes\\h_ChargingStation.js","statementMap":{"0":{"start":{"line":1,"column":20},"end":{"line":1,"column":46}},"1":{"start":{"line":2,"column":16},"end":{"line":2,"column":38}},"2":{"start":{"line":21,"column":22},"end":{"line":21,"column":24}},"3":{"start":{"line":22,"column":23},"end":{"line":22,"column":25}},"4":{"start":{"line":23,"column":22},"end":{"line":23,"column":24}},"5":{"start":{"line":32,"column":8},"end":{"line":32,"column":25}},"6":{"start":{"line":33,"column":8},"end":{"line":33,"column":39}},"7":{"start":{"line":34,"column":8},"end":{"line":34,"column":28}},"8":{"start":{"line":36,"column":8},"end":{"line":36,"column":48}},"9":{"start":{"line":45,"column":8},"end":{"line":52,"column":9}},"10":{"start":{"line":46,"column":12},"end":{"line":46,"column":31}},"11":{"start":{"line":47,"column":12},"end":{"line":47,"column":46}},"12":{"start":{"line":48,"column":12},"end":{"line":48,"column":45}},"13":{"start":{"line":51,"column":12},"end":{"line":51,"column":73}},"14":{"start":{"line":61,"column":20},"end":{"line":61,"column":56}},"15":{"start":{"line":62,"column":8},"end":{"line":62,"column":27}},"16":{"start":{"line":63,"column":8},"end":{"line":63,"column":45}},"17":{"start":{"line":64,"column":8},"end":{"line":64,"column":40}},"18":{"start":{"line":72,"column":8},"end":{"line":72,"column":49}},"19":{"start":{"line":76,"column":0},"end":{"line":76,"column":33}}},"fnMap":{"0":{"name":"(anonymous_0)","decl":{"start":{"line":31,"column":4},"end":{"line":31,"column":5}},"loc":{"start":{"line":31,"column":52},"end":{"line":37,"column":5}},"line":31},"1":{"name":"(anonymous_1)","decl":{"start":{"line":44,"column":4},"end":{"line":44,"column":5}},"loc":{"start":{"line":44,"column":24},"end":{"line":53,"column":5}},"line":44},"2":{"name":"(anonymous_2)","decl":{"start":{"line":60,"column":4},"end":{"line":60,"column":5}},"loc":{"start":{"line":60,"column":26},"end":{"line":65,"column":5}},"line":60},"3":{"name":"(anonymous_3)","decl":{"start":{"line":71,"column":4},"end":{"line":71,"column":5}},"loc":{"start":{"line":71,"column":27},"end":{"line":73,"column":5}},"line":71}},"branchMap":{"0":{"loc":{"start":{"line":31,"column":16},"end":{"line":31,"column":36}},"type":"default-arg","locations":[{"start":{"line":31,"column":21},"end":{"line":31,"column":36}}],"line":31},"1":{"loc":{"start":{"line":31,"column":38},"end":{"line":31,"column":51}},"type":"default-arg","locations":[{"start":{"line":31,"column":50},"end":{"line":31,"column":51}}],"line":31},"2":{"loc":{"start":{"line":45,"column":8},"end":{"line":52,"column":9}},"type":"if","locations":[{"start":{"line":45,"column":8},"end":{"line":52,"column":9}},{"start":{"line":45,"column":8},"end":{"line":52,"column":9}}],"line":45}},"s":{"0":4,"1":4,"2":11,"3":11,"4":11,"5":11,"6":11,"7":11,"8":11,"9":6,"10":5,"11":5,"12":5,"13":1,"14":1,"15":1,"16":1,"17":1,"18":8,"19":4},"f":{"0":11,"1":6,"2":1,"3":8},"b":{"0":[5],"1":[5],"2":[5,1]},"_coverageSchema":"1a1c01bbd47fc00a2c39e90264f33305004495a9","hash":"09cb296d05607eece29b52218ecf8f4bb40b1570"}
,"D:\\Users\\dajka\\Desktop\\bootcamp\\wk1\\wk1_ScooterHireSystem\\classes\\h_Scooter.js": {"path":"D:\\Users\\dajka\\Desktop\\bootcamp\\wk1\\wk1_ScooterHireSystem\\classes\\h_Scooter.js","statementMap":{"0":{"start":{"line":1,"column":20},"end":{"line":1,"column":46}},"1":{"start":{"line":2,"column":16},"end":{"line":2,"column":38}},"2":{"start":{"line":3,"column":24},"end":{"line":3,"column":54}},"3":{"start":{"line":23,"column":8},"end":{"line":23,"column":29}},"4":{"start":{"line":25,"column":8},"end":{"line":25,"column":46}},"5":{"start":{"line":27,"column":8},"end":{"line":27,"column":28}},"6":{"start":{"line":30,"column":22},"end":{"line":30,"column":56}},"7":{"start":{"line":31,"column":8},"end":{"line":35,"column":9}},"8":{"start":{"line":31,"column":20},"end":{"line":31,"column":21}},"9":{"start":{"line":32,"column":12},"end":{"line":34,"column":13}},"10":{"start":{"line":33,"column":16},"end":{"line":33,"column":26}},"11":{"start":{"line":36,"column":8},"end":{"line":36,"column":41}},"12":{"start":{"line":37,"column":8},"end":{"line":37,"column":37}},"13":{"start":{"line":40,"column":8},"end":{"line":40,"column":37}},"14":{"start":{"line":49,"column":8},"end":{"line":49,"column":31}},"15":{"start":{"line":50,"column":8},"end":{"line":50,"column":62}},"16":{"start":{"line":60,"column":8},"end":{"line":60,"column":57}},"17":{"start":{"line":68,"column":8},"end":{"line":68,"column":46}},"18":{"start":{"line":74,"column":0},"end":{"line":74,"column":25}}},"fnMap":{"0":{"name":"(anonymous_0)","decl":{"start":{"line":22,"column":4},"end":{"line":22,"column":5}},"loc":{"start":{"line":22,"column":17},"end":{"line":41,"column":5}},"line":22},"1":{"name":"(anonymous_1)","decl":{"start":{"line":48,"column":4},"end":{"line":48,"column":5}},"loc":{"start":{"line":48,"column":20},"end":{"line":51,"column":5}},"line":48},"2":{"name":"(anonymous_2)","decl":{"start":{"line":59,"column":4},"end":{"line":59,"column":5}},"loc":{"start":{"line":59,"column":39},"end":{"line":61,"column":5}},"line":59},"3":{"name":"(anonymous_3)","decl":{"start":{"line":67,"column":4},"end":{"line":67,"column":5}},"loc":{"start":{"line":67,"column":27},"end":{"line":69,"column":5}},"line":67}},"branchMap":{"0":{"loc":{"start":{"line":32,"column":12},"end":{"line":34,"column":13}},"type":"if","locations":[{"start":{"line":32,"column":12},"end":{"line":34,"column":13}},{"start":{"line":32,"column":12},"end":{"line":34,"column":13}}],"line":32}},"s":{"0":4,"1":4,"2":4,"3":19,"4":19,"5":19,"6":19,"7":19,"8":19,"9":40,"10":4,"11":19,"12":19,"13":19,"14":1,"15":1,"16":7,"17":2,"18":4},"f":{"0":19,"1":1,"2":7,"3":2},"b":{"0":[4,36]},"_coverageSchema":"1a1c01bbd47fc00a2c39e90264f33305004495a9","hash":"59a6544c4aea31cca6d2194ad1540005ee8951e6"}
,"D:\\Users\\dajka\\Desktop\\bootcamp\\wk1\\wk1_ScooterHireSystem\\classes\\h_ScooterHire.js": {"path":"D:\\Users\\dajka\\Desktop\\bootcamp\\wk1\\wk1_ScooterHireSystem\\classes\\h_ScooterHire.js","statementMap":{"0":{"start":{"line":10,"column":25},"end":{"line":10,"column":27}},"1":{"start":{"line":12,"column":31},"end":{"line":12,"column":33}},"2":{"start":{"line":13,"column":30},"end":{"line":13,"column":32}},"3":{"start":{"line":15,"column":22},"end":{"line":15,"column":24}},"4":{"start":{"line":23,"column":8},"end":{"line":23,"column":33}},"5":{"start":{"line":32,"column":8},"end":{"line":32,"column":39}},"6":{"start":{"line":41,"column":8},"end":{"line":45,"column":9}},"7":{"start":{"line":41,"column":21},"end":{"line":41,"column":22}},"8":{"start":{"line":42,"column":12},"end":{"line":44,"column":13}},"9":{"start":{"line":43,"column":16},"end":{"line":43,"column":39}},"10":{"start":{"line":54,"column":8},"end":{"line":58,"column":9}},"11":{"start":{"line":54,"column":21},"end":{"line":54,"column":22}},"12":{"start":{"line":55,"column":12},"end":{"line":57,"column":13}},"13":{"start":{"line":56,"column":16},"end":{"line":56,"column":42}},"14":{"start":{"line":62,"column":0},"end":{"line":62,"column":28}}},"fnMap":{"0":{"name":"(anonymous_0)","decl":{"start":{"line":22,"column":4},"end":{"line":22,"column":5}},"loc":{"start":{"line":22,"column":24},"end":{"line":24,"column":5}},"line":22},"1":{"name":"(anonymous_1)","decl":{"start":{"line":31,"column":4},"end":{"line":31,"column":5}},"loc":{"start":{"line":31,"column":30},"end":{"line":33,"column":5}},"line":31},"2":{"name":"(anonymous_2)","decl":{"start":{"line":40,"column":4},"end":{"line":40,"column":5}},"loc":{"start":{"line":40,"column":28},"end":{"line":46,"column":5}},"line":40},"3":{"name":"(anonymous_3)","decl":{"start":{"line":53,"column":4},"end":{"line":53,"column":5}},"loc":{"start":{"line":53,"column":32},"end":{"line":59,"column":5}},"line":53}},"branchMap":{"0":{"loc":{"start":{"line":42,"column":12},"end":{"line":44,"column":13}},"type":"if","locations":[{"start":{"line":42,"column":12},"end":{"line":44,"column":13}},{"start":{"line":42,"column":12},"end":{"line":44,"column":13}}],"line":42},"1":{"loc":{"start":{"line":55,"column":12},"end":{"line":57,"column":13}},"type":"if","locations":[{"start":{"line":55,"column":12},"end":{"line":57,"column":13}},{"start":{"line":55,"column":12},"end":{"line":57,"column":13}}],"line":55}},"s":{"0":4,"1":4,"2":4,"3":4,"4":14,"5":19,"6":1,"7":1,"8":6,"9":1,"10":1,"11":1,"12":5,"13":1,"14":4},"f":{"0":14,"1":19,"2":1,"3":1},"b":{"0":[1,5],"1":[1,4]},"_coverageSchema":"1a1c01bbd47fc00a2c39e90264f33305004495a9","hash":"b717846938fd07764bdd286cf144c2c973c81020"}
,"D:\\Users\\dajka\\Desktop\\bootcamp\\wk1\\wk1_ScooterHireSystem\\classes\\h_User.js": {"path":"D:\\Users\\dajka\\Desktop\\bootcamp\\wk1\\wk1_ScooterHireSystem\\classes\\h_User.js","statementMap":{"0":{"start":{"line":1,"column":20},"end":{"line":1,"column":46}},"1":{"start":{"line":2,"column":24},"end":{"line":2,"column":54}},"2":{"start":{"line":3,"column":16},"end":{"line":3,"column":38}},"3":{"start":{"line":5,"column":16},"end":{"line":5,"column":38}},"4":{"start":{"line":6,"column":29},"end":{"line":6,"column":55}},"5":{"start":{"line":21,"column":8},"end":{"line":21,"column":76}},"6":{"start":{"line":21,"column":23},"end":{"line":21,"column":76}},"7":{"start":{"line":22,"column":8},"end":{"line":22,"column":45}},"8":{"start":{"line":23,"column":8},"end":{"line":23,"column":79}},"9":{"start":{"line":23,"column":26},"end":{"line":23,"column":79}},"10":{"start":{"line":26,"column":8},"end":{"line":30,"column":9}},"11":{"start":{"line":26,"column":20},"end":{"line":26,"column":21}},"12":{"start":{"line":27,"column":12},"end":{"line":29,"column":13}},"13":{"start":{"line":28,"column":16},"end":{"line":28,"column":67}},"14":{"start":{"line":32,"column":8},"end":{"line":32,"column":33}},"15":{"start":{"line":33,"column":8},"end":{"line":33,"column":34}},"16":{"start":{"line":41,"column":8},"end":{"line":41,"column":41}},"17":{"start":{"line":42,"column":8},"end":{"line":42,"column":42}},"18":{"start":{"line":43,"column":8},"end":{"line":43,"column":33}},"19":{"start":{"line":52,"column":8},"end":{"line":52,"column":31}},"20":{"start":{"line":53,"column":8},"end":{"line":53,"column":31}},"21":{"start":{"line":55,"column":8},"end":{"line":55,"column":35}},"22":{"start":{"line":64,"column":8},"end":{"line":73,"column":9}},"23":{"start":{"line":64,"column":21},"end":{"line":64,"column":22}},"24":{"start":{"line":65,"column":12},"end":{"line":72,"column":13}},"25":{"start":{"line":66,"column":16},"end":{"line":70,"column":17}},"26":{"start":{"line":66,"column":30},"end":{"line":66,"column":31}},"27":{"start":{"line":67,"column":20},"end":{"line":69,"column":21}},"28":{"start":{"line":68,"column":24},"end":{"line":68,"column":82}},"29":{"start":{"line":71,"column":16},"end":{"line":71,"column":28}},"30":{"start":{"line":74,"column":8},"end":{"line":74,"column":73}},"31":{"start":{"line":78,"column":0},"end":{"line":78,"column":22}}},"fnMap":{"0":{"name":"(anonymous_0)","decl":{"start":{"line":20,"column":4},"end":{"line":20,"column":5}},"loc":{"start":{"line":20,"column":25},"end":{"line":34,"column":5}},"line":20},"1":{"name":"(anonymous_1)","decl":{"start":{"line":40,"column":4},"end":{"line":40,"column":5}},"loc":{"start":{"line":40,"column":19},"end":{"line":44,"column":5}},"line":40},"2":{"name":"(anonymous_2)","decl":{"start":{"line":51,"column":4},"end":{"line":51,"column":5}},"loc":{"start":{"line":51,"column":28},"end":{"line":56,"column":5}},"line":51},"3":{"name":"(anonymous_3)","decl":{"start":{"line":63,"column":4},"end":{"line":63,"column":5}},"loc":{"start":{"line":63,"column":36},"end":{"line":75,"column":5}},"line":63}},"branchMap":{"0":{"loc":{"start":{"line":21,"column":8},"end":{"line":21,"column":76}},"type":"if","locations":[{"start":{"line":21,"column":8},"end":{"line":21,"column":76}},{"start":{"line":21,"column":8},"end":{"line":21,"column":76}}],"line":21},"1":{"loc":{"start":{"line":23,"column":8},"end":{"line":23,"column":79}},"type":"if","locations":[{"start":{"line":23,"column":8},"end":{"line":23,"column":79}},{"start":{"line":23,"column":8},"end":{"line":23,"column":79}}],"line":23},"2":{"loc":{"start":{"line":27,"column":12},"end":{"line":29,"column":13}},"type":"if","locations":[{"start":{"line":27,"column":12},"end":{"line":29,"column":13}},{"start":{"line":27,"column":12},"end":{"line":29,"column":13}}],"line":27},"3":{"loc":{"start":{"line":65,"column":12},"end":{"line":72,"column":13}},"type":"if","locations":[{"start":{"line":65,"column":12},"end":{"line":72,"column":13}},{"start":{"line":65,"column":12},"end":{"line":72,"column":13}}],"line":65},"4":{"loc":{"start":{"line":67,"column":20},"end":{"line":69,"column":21}},"type":"if","locations":[{"start":{"line":67,"column":20},"end":{"line":69,"column":21}},{"start":{"line":67,"column":20},"end":{"line":69,"column":21}}],"line":67}},"s":{"0":2,"1":2,"2":2,"3":2,"4":2,"5":16,"6":1,"7":15,"8":15,"9":1,"10":14,"11":14,"12":41,"13":1,"14":13,"15":13,"16":1,"17":1,"18":1,"19":2,"20":2,"21":2,"22":5,"23":5,"24":11,"25":3,"26":3,"27":2,"28":1,"29":2,"30":2,"31":2},"f":{"0":16,"1":1,"2":2,"3":5},"b":{"0":[1,15],"1":[1,14],"2":[1,40],"3":[3,8],"4":[1,1]},"_coverageSchema":"1a1c01bbd47fc00a2c39e90264f33305004495a9","hash":"db09777e97d6be5fb27cbdead6113c00d588b0ef"}
}
