TN:
SF:classes\h_Battery.js
FN:13,(anonymous_0)
FN:23,(anonymous_1)
FN:25,(anonymous_2)
FN:43,(anonymous_3)
FN:51,(anonymous_4)
FN:60,(anonymous_5)
FNF:6
FNH:6
FNDA:9,(anonymous_0)
FNDA:2,(anonymous_1)
FNDA:2,(anonymous_2)
FNDA:2,(anonymous_3)
FNDA:5,(anonymous_4)
FNDA:2,(anonymous_5)
DA:14,9
DA:15,9
DA:24,2
DA:25,2
DA:26,2
DA:27,1
DA:28,1
DA:29,1
DA:32,1
DA:33,1
DA:36,2
DA:44,2
DA:52,5
DA:61,2
DA:63,2
DA:67,2
LF:16
LH:16
BRDA:26,0,0,1
BRDA:26,0,1,1
BRDA:26,1,0,2
BRDA:26,1,1,1
BRDA:63,2,0,1
BRDA:63,2,1,1
BRF:6
BRH:6
end_of_record
TN:
SF:classes\h_ChargingStation.js
FN:31,(anonymous_0)
FN:44,(anonymous_1)
FN:55,(anonymous_2)
FN:66,(anonymous_3)
FNF:4
FNH:4
FNDA:5,(anonymous_0)
FNDA:3,(anonymous_1)
FNDA:1,(anonymous_2)
FNDA:2,(anonymous_3)
DA:1,1
DA:2,1
DA:21,5
DA:22,5
DA:23,5
DA:32,5
DA:33,5
DA:34,5
DA:36,5
DA:45,3
DA:46,3
DA:47,3
DA:56,1
DA:57,1
DA:58,1
DA:59,1
DA:67,2
DA:71,1
LF:18
LH:18
BRDA:31,0,0,3
BRDA:31,1,0,3
BRF:2
BRH:2
end_of_record
TN:
SF:classes\h_Scooter.js
FN:22,(anonymous_0)
FN:49,(anonymous_1)
FN:60,(anonymous_2)
FN:68,(anonymous_3)
FNF:4
FNH:3
FNDA:3,(anonymous_0)
FNDA:0,(anonymous_1)
FNDA:3,(anonymous_2)
FNDA:1,(anonymous_3)
DA:1,1
DA:2,1
DA:3,1
DA:23,3
DA:25,3
DA:27,3
DA:30,3
DA:31,3
DA:32,3
DA:33,0
DA:36,3
DA:37,3
DA:41,3
DA:50,0
DA:51,0
DA:61,3
DA:69,1
DA:75,1
LF:18
LH:15
BRDA:32,0,0,0
BRDA:32,0,1,3
BRF:2
BRH:1
end_of_record
TN:
SF:classes\h_ScooterHire.js
FN:22,(anonymous_0)
FN:31,(anonymous_1)
FN:40,(anonymous_2)
FN:53,(anonymous_3)
FNF:4
FNH:0
FNDA:0,(anonymous_0)
FNDA:0,(anonymous_1)
FNDA:0,(anonymous_2)
FNDA:0,(anonymous_3)
DA:10,1
DA:12,1
DA:13,1
DA:15,1
DA:23,0
DA:32,0
DA:41,0
DA:42,0
DA:43,0
DA:54,0
DA:55,0
DA:56,0
DA:62,1
LF:13
LH:5
BRDA:42,0,0,0
BRDA:42,0,1,0
BRDA:55,1,0,0
BRDA:55,1,1,0
BRF:4
BRH:0
end_of_record
