TN:
SF:classes\h_Battery.js
FN:13,(anonymous_0)
FN:23,(anonymous_1)
FN:25,(anonymous_2)
FN:43,(anonymous_3)
FN:51,(anonymous_4)
FN:60,(anonymous_5)
FNF:6
FNH:6
FNDA:25,(anonymous_0)
FNDA:2,(anonymous_1)
FNDA:2,(anonymous_2)
FNDA:2,(anonymous_3)
FNDA:7,(anonymous_4)
FNDA:3,(anonymous_5)
DA:14,25
DA:15,25
DA:24,2
DA:25,2
DA:26,2
DA:27,1
DA:28,1
DA:29,1
DA:32,1
DA:33,1
DA:36,2
DA:44,2
DA:52,7
DA:61,3
DA:63,3
DA:67,5
LF:16
LH:16
BRDA:26,0,0,1
BRDA:26,0,1,1
BRDA:26,1,0,2
BRDA:26,1,1,1
BRDA:63,2,0,2
BRDA:63,2,1,1
BRF:6
BRH:6
end_of_record
TN:
SF:classes\h_ChargingStation.js
FN:31,(anonymous_0)
FN:44,(anonymous_1)
FN:60,(anonymous_2)
FN:71,(anonymous_3)
FNF:4
FNH:4
FNDA:11,(anonymous_0)
FNDA:6,(anonymous_1)
FNDA:1,(anonymous_2)
FNDA:8,(anonymous_3)
DA:1,4
DA:2,4
DA:21,11
DA:22,11
DA:23,11
DA:32,11
DA:33,11
DA:34,11
DA:36,11
DA:45,6
DA:46,5
DA:47,5
DA:48,5
DA:51,1
DA:61,1
DA:62,1
DA:63,1
DA:64,1
DA:72,8
DA:76,4
LF:20
LH:20
BRDA:31,0,0,5
BRDA:31,1,0,5
BRDA:45,2,0,5
BRDA:45,2,1,1
BRF:4
BRH:4
end_of_record
TN:
SF:classes\h_Scooter.js
FN:22,(anonymous_0)
FN:48,(anonymous_1)
FN:59,(anonymous_2)
FN:67,(anonymous_3)
FNF:4
FNH:4
FNDA:19,(anonymous_0)
FNDA:1,(anonymous_1)
FNDA:7,(anonymous_2)
FNDA:2,(anonymous_3)
DA:1,4
DA:2,4
DA:3,4
DA:23,19
DA:25,19
DA:27,19
DA:30,19
DA:31,19
DA:32,40
DA:33,4
DA:36,19
DA:37,19
DA:40,19
DA:49,1
DA:50,1
DA:60,7
DA:68,2
DA:74,4
LF:18
LH:18
BRDA:32,0,0,4
BRDA:32,0,1,36
BRF:2
BRH:2
end_of_record
TN:
SF:classes\h_ScooterHire.js
FN:22,(anonymous_0)
FN:31,(anonymous_1)
FN:40,(anonymous_2)
FN:53,(anonymous_3)
FNF:4
FNH:4
FNDA:14,(anonymous_0)
FNDA:19,(anonymous_1)
FNDA:1,(anonymous_2)
FNDA:1,(anonymous_3)
DA:10,4
DA:12,4
DA:13,4
DA:15,4
DA:23,14
DA:32,19
DA:41,1
DA:42,6
DA:43,1
DA:54,1
DA:55,5
DA:56,1
DA:62,4
LF:13
LH:13
BRDA:42,0,0,1
BRDA:42,0,1,5
BRDA:55,1,0,1
BRDA:55,1,1,4
BRF:4
BRH:4
end_of_record
TN:
SF:classes\h_User.js
FN:20,(anonymous_0)
FN:40,(anonymous_1)
FN:51,(anonymous_2)
FN:63,(anonymous_3)
FNF:4
FNH:4
FNDA:16,(anonymous_0)
FNDA:1,(anonymous_1)
FNDA:2,(anonymous_2)
FNDA:5,(anonymous_3)
DA:1,2
DA:2,2
DA:3,2
DA:5,2
DA:6,2
DA:21,16
DA:22,15
DA:23,15
DA:26,14
DA:27,41
DA:28,1
DA:32,13
DA:33,13
DA:41,1
DA:42,1
DA:43,1
DA:52,2
DA:53,2
DA:55,2
DA:64,5
DA:65,11
DA:66,3
DA:67,2
DA:68,1
DA:71,2
DA:74,2
DA:78,2
LF:27
LH:27
BRDA:21,0,0,1
BRDA:21,0,1,15
BRDA:23,1,0,1
BRDA:23,1,1,14
BRDA:27,2,0,1
BRDA:27,2,1,40
BRDA:65,3,0,3
BRDA:65,3,1,8
BRDA:67,4,0,1
BRDA:67,4,1,1
BRF:10
BRH:10
end_of_record
